        -:    0:Source:C:/Users/IscG/Documents/Programming/epq/src/main.cpp
        -:    0:Graph:C:\Users\IscG\Documents\Programming\epq\cmake-build-release-coverage\CMakeFiles\epq.dir\src\main.cpp.gcno
        -:    0:Data:C:\Users\IscG\Documents\Programming\epq\cmake-build-release-coverage\CMakeFiles\epq.dir\src\main.cpp.gcda
        -:    0:Runs:1
        -:    1://
        -:    2:// Created by IscG on 17/01/2022.
        -:    3://
        -:    4:#include "ipd.h"
        -:    5:#include "icg.h"
        -:    6:
        -:    7:#define PD
        -:    8:
function main called 1 returned 100% blocks executed 37%
        1:    9:int main() {
        1:   10:    std::ofstream file;
        1:   10-block  0
call    0 returned 1
        -:   11:    const int h = 0;
        -:   12:    const int q = 0;
        -:   13:    const int r = 0;
        -:   14:    const int f = 0;
        -:   15:    const int mq = 10;
        -:   16:    const int mr = 0;
        1:   17:    std::string filename = "../data/";
call    0 returned 1
branch  1 taken 1 (fallthrough)
branch  2 taken 0 (throw)
        1:   17-block  0
call    3 returned 1
branch  4 taken 1 (fallthrough)
branch  5 taken 0 (throw)
        -:   18:#ifdef PD
        -:   19:    filename += "ipd/";
        -:   20:#else
        -:   21:    filename += "icg/";
        -:   22:#endif
        2:   23:    filename += std::to_string(h)+"-"
        1:   23-block  0
call    0 returned 1
branch  1 taken 1 (fallthrough)
branch  2 taken 0 (throw)
        1:   23-block  1
call    3 returned 1
branch  4 taken 1 (fallthrough)
branch  5 taken 0 (throw)
        1:   23-block  2
branch  6 taken 0 (fallthrough)
branch  7 taken 1
        1:   23-block  3
branch  8 taken 0 (fallthrough)
branch  9 taken 1
    $$$$$:   23-block  4
branch 10 never executed
branch 11 never executed
    $$$$$:   23-block  5
branch 12 never executed
branch 13 never executed
        4:   24:            +std::to_string(q)+"-"
        1:   24-block  0
call    0 returned 1
branch  1 taken 1 (fallthrough)
branch  2 taken 0 (throw)
        1:   24-block  1
call    3 returned 1
branch  4 taken 1 (fallthrough)
branch  5 taken 0 (throw)
        1:   24-block  2
call    6 returned 1
branch  7 taken 1 (fallthrough)
branch  8 taken 0 (throw)
        1:   24-block  3
branch  9 taken 0 (fallthrough)
branch 10 taken 1
        1:   24-block  4
branch 11 taken 0 (fallthrough)
branch 12 taken 1
        1:   24-block  5
branch 13 taken 0 (fallthrough)
branch 14 taken 1
    $$$$$:   24-block  6
branch 15 never executed
branch 16 never executed
    $$$$$:   24-block  7
branch 17 never executed
branch 18 never executed
    $$$$$:   24-block  8
branch 19 never executed
branch 20 never executed
        4:   25:            +std::to_string(r)+"-"
        1:   25-block  0
call    0 returned 1
branch  1 taken 1 (fallthrough)
branch  2 taken 0 (throw)
        1:   25-block  1
call    3 returned 1
branch  4 taken 1 (fallthrough)
branch  5 taken 0 (throw)
        1:   25-block  2
call    6 returned 1
branch  7 taken 1 (fallthrough)
branch  8 taken 0 (throw)
        1:   25-block  3
branch  9 taken 0 (fallthrough)
branch 10 taken 1
        1:   25-block  4
branch 11 taken 0 (fallthrough)
branch 12 taken 1
        1:   25-block  5
branch 13 taken 0 (fallthrough)
branch 14 taken 1
    $$$$$:   25-block  6
branch 15 never executed
branch 16 never executed
    $$$$$:   25-block  7
branch 17 never executed
branch 18 never executed
    $$$$$:   25-block  8
branch 19 never executed
branch 20 never executed
        3:   26:            +std::to_string(f);
        1:   26-block  0
call    0 returned 1
branch  1 taken 1 (fallthrough)
branch  2 taken 0 (throw)
        1:   26-block  1
call    3 returned 1
branch  4 taken 1 (fallthrough)
branch  5 taken 0 (throw)
        1:   26-block  2
branch  6 taken 0 (fallthrough)
branch  7 taken 1
    $$$$$:   26-block  3
branch  8 never executed
branch  9 never executed
        -:   27:#ifdef PD
        2:   28:    filename += "-"+std::to_string(mq)
        1:   28-block  0
call    0 returned 1
branch  1 taken 1 (fallthrough)
branch  2 taken 0 (throw)
        1:   28-block  1
call    3 returned 1
branch  4 taken 1 (fallthrough)
branch  5 taken 0 (throw)
        1:   28-block  2
branch  6 taken 0 (fallthrough)
branch  7 taken 1
        1:   28-block  3
branch  8 taken 0 (fallthrough)
branch  9 taken 1
    $$$$$:   28-block  4
branch 10 never executed
branch 11 never executed
    $$$$$:   28-block  5
branch 12 never executed
branch 13 never executed
        4:   29:            +"-"+std::to_string(mr);
        1:   29-block  0
call    0 returned 1
branch  1 taken 1 (fallthrough)
branch  2 taken 0 (throw)
        1:   29-block  1
call    3 returned 1
branch  4 taken 1 (fallthrough)
branch  5 taken 0 (throw)
        1:   29-block  2
call    6 returned 1
branch  7 taken 1 (fallthrough)
branch  8 taken 0 (throw)
        1:   29-block  3
branch  9 taken 0 (fallthrough)
branch 10 taken 1
        1:   29-block  4
branch 11 taken 0 (fallthrough)
branch 12 taken 1
        1:   29-block  5
call   13 returned 1
branch 14 taken 1 (fallthrough)
branch 15 taken 0 (throw)
    $$$$$:   29-block  6
branch 16 never executed
branch 17 never executed
    $$$$$:   29-block  7
branch 18 never executed
branch 19 never executed
    $$$$$:   29-block  8
branch 20 never executed
branch 21 never executed
        -:   30:#endif
        -:   31:    filename += ".txt";
        1:   32:    file.open(filename);
        1:   32-block  0
call    0 returned 1
branch  1 taken 1 (fallthrough)
branch  2 taken 0 (throw)
       21:   33:    for (int i = 0; i < 20; i++) {
       20:   33-block  0
       21:   33-block  1
branch  0 taken 20
branch  1 taken 1 (fallthrough)
        -:   34:#ifdef PD
       20:   35:        std::vector<int> conv = IPD::convergenceTime(h,q,r,f,mq,mr);
       20:   35-block  0
call    0 returned 20
branch  1 taken 20 (fallthrough)
branch  2 taken 0 (throw)
        -:   36:#else
        -:   37:        std::vector<int> conv = ICG::convergenceTime(h,q,r,f);
        -:   38:#endif
   200020:   39:        for (auto& s : conv) {
       20:   39-block  0
   200020:   39-block  1
branch  0 taken 200000
branch  1 taken 20 (fallthrough)
   200000:   40:            file << s << " ";
   200000:   40-block  0
call    0 returned 200000
branch  1 taken 200000 (fallthrough)
branch  2 taken 0 (throw)
   200000:   40-block  1
call    3 returned 200000
branch  4 taken 200000 (fallthrough)
branch  5 taken 0 (throw)
        -:   41:        }
       20:   42:        file << "\n";
       20:   42-block  0
call    0 returned 20
branch  1 taken 20 (fallthrough)
branch  2 taken 0 (throw)
        -:   43:    }
        1:   44:    file.close();
        1:   44-block  0
call    0 returned 1
branch  1 taken 1 (fallthrough)
branch  2 taken 0 (throw)
        1:   45:}
        1:   45-block  0
call    0 returned 1
    $$$$$:   45-block  1
call    1 never executed
